<?xml version="1.0" encoding="UTF-8"?>
<!-- Generated by org.testng.reporters.JUnitReportReporter -->
<testsuite skipped="0" hostname="BDC6-DX-69X6NK2" name="pom1.NewTest121" tests="1" failures="0" timestamp="20 Nov 2019 06:40:10 GMT" time="22.631" errors="0">
  <testcase name="f" time="22.631" classname="pom1.NewTest121"/>
</testsuite> <!-- pom1.NewTest121 -->
